app/build/outputs/logs/manifest-merger-release-report.txt
-- Merging decision tree log ---
manifest
ADDED from src\main\AndroidManifest.xml:2:1-85:12
	xmlns:android
		ADDED from src\main\AndroidManifest.xml:2:11-69
	package
		ADDED from src\main\AndroidManifest.xml:3:5-51
		INJECTED from src\main\AndroidManifest.xml
		INJECTED from src\main\AndroidManifest.xml
	android:versionName
		ADDED from src\main\AndroidManifest.xml:5:5-30
		INJECTED from src\main\AndroidManifest.xml
		INJECTED from src\main\AndroidManifest.xml
	android:versionCode
		ADDED from src\main\AndroidManifest.xml:4:5-28
		INJECTED from src\main\AndroidManifest.xml
		INJECTED from src\main\AndroidManifest.xml
uses-sdk
ADDED from src\main\AndroidManifest.xml:7:5-9:41
	android:targetSdkVersion
		ADDED from src\main\AndroidManifest.xml:9:9-38
		INJECTED from src\main\AndroidManifest.xml
		INJECTED from src\main\AndroidManifest.xml
	android:minSdkVersion
		ADDED from src\main\AndroidManifest.xml:8:9-34
		INJECTED from src\main\AndroidManifest.xml
		INJECTED from src\main\AndroidManifest.xml
application
ADDED from src\main\AndroidManifest.xml:11:5-80:19
	android:label
		ADDED from src\main\AndroidManifest.xml:14:9-41
	android:allowBackup
		ADDED from src\main\AndroidManifest.xml:12:9-35
	android:icon
		ADDED from src\main\AndroidManifest.xml:13:9-45
	android:theme
		ADDED from src\main\AndroidManifest.xml:16:9-56
activity#com.kappisan.games.justynaadventures.KasperSplash
ADDED from src\main\AndroidManifest.xml:17:9-24:20
	android:label
		ADDED from src\main\AndroidManifest.xml:19:13-45
	android:name
		ADDED from src\main\AndroidManifest.xml:18:13-77
intent-filter#android.intent.action.MAIN+android.intent.category.LAUNCHER
ADDED from src\main\AndroidManifest.xml:20:13-23:29
action#android.intent.action.MAIN
ADDED from src\main\AndroidManifest.xml:21:17-69
	android:name
		ADDED from src\main\AndroidManifest.xml:21:25-66
category#android.intent.category.LAUNCHER
ADDED from src\main\AndroidManifest.xml:22:17-77
	android:name
		ADDED from src\main\AndroidManifest.xml:22:27-74
activity#com.kappisan.games.justynaadventures.GameSplash
ADDED from src\main\AndroidManifest.xml:25:9-32:20
	android:label
		ADDED from src\main\AndroidManifest.xml:27:13-45
	android:name
		ADDED from src\main\AndroidManifest.xml:26:13-75
intent-filter#android.intent.category.DEFAULT+com.kappisan.games.justynaadventures.GAMESPLASH
ADDED from src\main\AndroidManifest.xml:28:13-31:29
action#com.kappisan.games.justynaadventures.GAMESPLASH
ADDED from src\main\AndroidManifest.xml:29:17-90
	android:name
		ADDED from src\main\AndroidManifest.xml:29:25-87
category#android.intent.category.DEFAULT
ADDED from src\main\AndroidManifest.xml:30:17-76
	android:name
		ADDED from src\main\AndroidManifest.xml:30:27-73
activity#com.kappisan.games.justynaadventures.MainMenu
ADDED from src\main\AndroidManifest.xml:33:9-41:20
	android:screenOrientation
		ADDED from src\main\AndroidManifest.xml:35:13-49
	android:label
		ADDED from src\main\AndroidManifest.xml:36:13-45
	android:name
		ADDED from src\main\AndroidManifest.xml:34:13-73
intent-filter#android.intent.category.DEFAULT+com.kappisan.games.justynaadventures.MAINMENU
ADDED from src\main\AndroidManifest.xml:37:13-40:29
action#com.kappisan.games.justynaadventures.MAINMENU
ADDED from src\main\AndroidManifest.xml:38:17-88
	android:name
		ADDED from src\main\AndroidManifest.xml:38:25-85
activity#com.kappisan.games.justynaadventures.GameOptions
ADDED from src\main\AndroidManifest.xml:42:9-50:20
	android:screenOrientation
		ADDED from src\main\AndroidManifest.xml:44:13-49
	android:label
		ADDED from src\main\AndroidManifest.xml:45:13-45
	android:name
		ADDED from src\main\AndroidManifest.xml:43:13-76
intent-filter#android.intent.category.DEFAULT+com.kappisan.games.justynaadventures.GAMEOPTIONS
ADDED from src\main\AndroidManifest.xml:46:13-49:29
action#com.kappisan.games.justynaadventures.GAMEOPTIONS
ADDED from src\main\AndroidManifest.xml:47:17-91
	android:name
		ADDED from src\main\AndroidManifest.xml:47:25-88
activity#com.kappisan.games.justynaadventures.About
ADDED from src\main\AndroidManifest.xml:51:9-59:20
	android:screenOrientation
		ADDED from src\main\AndroidManifest.xml:53:13-49
	android:label
		ADDED from src\main\AndroidManifest.xml:54:13-45
	android:name
		ADDED from src\main\AndroidManifest.xml:52:13-70
intent-filter#android.intent.category.DEFAULT+com.kappisan.games.justynaadventures.ABOUT
ADDED from src\main\AndroidManifest.xml:55:13-58:29
action#com.kappisan.games.justynaadventures.ABOUT
ADDED from src\main\AndroidManifest.xml:56:17-85
	android:name
		ADDED from src\main\AndroidManifest.xml:56:25-82
activity#com.kappisan.games.justynaadventures.MainGameScreen
ADDED from src\main\AndroidManifest.xml:61:9-68:20
	android:label
		ADDED from src\main\AndroidManifest.xml:63:13-45
	android:name
		ADDED from src\main\AndroidManifest.xml:62:13-79
intent-filter#android.intent.category.DEFAULT+com.kappisan.games.justynaadventures.MAINGAMESCREEN
ADDED from src\main\AndroidManifest.xml:64:13-67:29
action#com.kappisan.games.justynaadventures.MAINGAMESCREEN
ADDED from src\main\AndroidManifest.xml:65:17-94
	android:name
		ADDED from src\main\AndroidManifest.xml:65:25-91
activity#com.kappisan.games.justynaadventures.ChooseLevelsScreen
ADDED from src\main\AndroidManifest.xml:70:9-78:20
	android:screenOrientation
		ADDED from src\main\AndroidManifest.xml:72:13-49
	android:label
		ADDED from src\main\AndroidManifest.xml:73:13-45
	android:name
		ADDED from src\main\AndroidManifest.xml:71:13-83
intent-filter#android.intent.category.DEFAULT+com.kappisan.games.justynaadventures.CHOOSELEVELSCREEN
ADDED from src\main\AndroidManifest.xml:74:13-77:29
action#com.kappisan.games.justynaadventures.CHOOSELEVELSCREEN
ADDED from src\main\AndroidManifest.xml:75:17-97
	android:name
		ADDED from src\main\AndroidManifest.xml:75:25-94